<?xml version="1.0" encoding="UTF-8"?>
<!-- Generated by org.testng.reporters.JUnitReportReporter -->
<testsuite hostname="DESKTOP-4M14A0P" failures="0" tests="1" name="driverFactory.AppTest" time="33.285" errors="0" timestamp="2023-08-17T17:57:59 IST" skipped="0">
  <testcase classname="driverFactory.AppTest" name="kickStrat" time="33.285"/>
  <system-out/>
</testsuite> <!-- driverFactory.AppTest -->
